<?xml version="1.0" encoding="UTF-8"?>
<!-- Generated by org.testng.reporters.JUnitXMLReporter -->
<testsuite ignored="0" hostname="Administrator" failures="0" tests="3" name="Test" time="18.573" errors="0" timestamp="2025-02-08T22:05:15 GMT+03:00">
  <testcase classname="test.addDefaultValueToField" name="@BeforeTest login" time="18.451">
    <failure type="org.openqa.selenium.NoSuchWindowException" message="no such window: target window already closed
from unknown error: web view not found
  (Session info: chrome=133.0.6943.54)
Build info: version: &amp;apos;4.27.0&amp;apos;, revision: &amp;apos;d6e718d134&amp;apos;
System info: os.name: &amp;apos;Windows 10&amp;apos;, os.arch: &amp;apos;amd64&amp;apos;, os.version: &amp;apos;10.0&amp;apos;, java.version: &amp;apos;23.0.2&amp;apos;
Driver info: org.openqa.selenium.chrome.ChromeDriver
Command: [b0a12c218898125c4be8858375be3bd2, findElement {using=id, value=email}]
Capabilities {acceptInsecureCerts: false, browserName: chrome, browserVersion: 133.0.6943.54, chrome: {chromedriverVersion: 133.0.6943.53 (9a80935019b0..., userDataDir: C:\Users\MSI\AppData\Local\...}, fedcm:accounts: true, goog:chromeOptions: {debuggerAddress: localhost:53138}, networkConnectionEnabled: false, pageLoadStrategy: normal, platformName: windows, proxy: Proxy(), se:cdp: ws://localhost:53138/devtoo..., se:cdpVersion: 133.0.6943.54, setWindowRect: true, strictFileInteractability: false, timeouts: {implicit: 0, pageLoad: 300000, script: 30000}, unhandledPromptBehavior: dismiss and notify, webauthn:extension:credBlob: true, webauthn:extension:largeBlob: true, webauthn:extension:minPinLength: true, webauthn:extension:prf: true, webauthn:virtualAuthenticators: true}
Session ID: b0a12c218898125c4be8858375be3bd2">
      <![CDATA[org.openqa.selenium.NoSuchWindowException: no such window: target window already closed
from unknown error: web view not found
  (Session info: chrome=133.0.6943.54)
Build info: version: '4.27.0', revision: 'd6e718d134'
System info: os.name: 'Windows 10', os.arch: 'amd64', os.version: '10.0', java.version: '23.0.2'
Driver info: org.openqa.selenium.chrome.ChromeDriver
Command: [b0a12c218898125c4be8858375be3bd2, findElement {using=id, value=email}]
Capabilities {acceptInsecureCerts: false, browserName: chrome, browserVersion: 133.0.6943.54, chrome: {chromedriverVersion: 133.0.6943.53 (9a80935019b0..., userDataDir: C:\Users\MSI\AppData\Local\...}, fedcm:accounts: true, goog:chromeOptions: {debuggerAddress: localhost:53138}, networkConnectionEnabled: false, pageLoadStrategy: normal, platformName: windows, proxy: Proxy(), se:cdp: ws://localhost:53138/devtoo..., se:cdpVersion: 133.0.6943.54, setWindowRect: true, strictFileInteractability: false, timeouts: {implicit: 0, pageLoad: 300000, script: 30000}, unhandledPromptBehavior: dismiss and notify, webauthn:extension:credBlob: true, webauthn:extension:largeBlob: true, webauthn:extension:minPinLength: true, webauthn:extension:prf: true, webauthn:virtualAuthenticators: true}
Session ID: b0a12c218898125c4be8858375be3bd2
at org.openqa.selenium.remote.ErrorCodec.decode(ErrorCodec.java:167)
at org.openqa.selenium.remote.codec.w3c.W3CHttpResponseCodec.decode(W3CHttpResponseCodec.java:138)
at org.openqa.selenium.remote.codec.w3c.W3CHttpResponseCodec.decode(W3CHttpResponseCodec.java:50)
at org.openqa.selenium.remote.HttpCommandExecutor.execute(HttpCommandExecutor.java:190)
at org.openqa.selenium.remote.service.DriverCommandExecutor.invokeExecute(DriverCommandExecutor.java:216)
at org.openqa.selenium.remote.service.DriverCommandExecutor.execute(DriverCommandExecutor.java:174)
at org.openqa.selenium.remote.RemoteWebDriver.execute(RemoteWebDriver.java:545)
at org.openqa.selenium.remote.ElementLocation$ElementFinder$2.findElement(ElementLocation.java:165)
at org.openqa.selenium.remote.ElementLocation.findElement(ElementLocation.java:66)
at org.openqa.selenium.remote.RemoteWebDriver.findElement(RemoteWebDriver.java:368)
at org.openqa.selenium.remote.RemoteWebDriver.findElement(RemoteWebDriver.java:362)
at pages.loginPage.emailField(loginPage.java:15)
at test.login.loginToPlanRadar(login.java:17)
at test.addDefaultValueToField.login(addDefaultValueToField.java:30)
... Removed 25 stack frames]]>
    </failure>
  </testcase> <!-- @BeforeTest login -->
  <testcase classname="test.addFieldToForm" name="@BeforeTest login" time="0.0">
    <skipped/>
  </testcase> <!-- @BeforeTest login -->
  <testcase classname="test.createNewForm" name="@BeforeTest login" time="0.0">
    <skipped/>
  </testcase> <!-- @BeforeTest login -->
  <testcase classname="test.addDefaultValueToField" name="@AfterTest after_test" time="0.0">
    <skipped/>
  </testcase> <!-- @AfterTest after_test -->
  <testcase classname="test.addFieldToForm" name="@AfterTest after_test" time="0.0">
    <skipped/>
  </testcase> <!-- @AfterTest after_test -->
  <testcase classname="test.createNewForm" name="@AfterTest after_test" time="0.0">
    <skipped/>
  </testcase> <!-- @AfterTest after_test -->
  <testcase classname="test.createNewForm" name="createForm" time="0.0">
    <skipped/>
  </testcase> <!-- createForm -->
  <testcase classname="test.addFieldToForm" name="addFields" time="0.0">
    <skipped/>
  </testcase> <!-- addFields -->
  <testcase classname="test.addDefaultValueToField" name="addFields" time="0.0">
    <skipped/>
  </testcase> <!-- addFields -->
</testsuite> <!-- Test -->
